<?xml version="1.0" encoding="UTF-8"?>
<testsuite name="ohtuesimerkki.StatisticsTest" tests="4" skipped="0" failures="0" errors="0" timestamp="2020-02-08T13:53:48" hostname="lx9-fuxi002" time="0.003">
  <properties/>
  <testcase name="teamCanBeFound" classname="ohtuesimerkki.StatisticsTest" time="0.001"/>
  <testcase name="topScoresWorks" classname="ohtuesimerkki.StatisticsTest" time="0.0"/>
  <testcase name="nonExistingPlayerCantBeFound" classname="ohtuesimerkki.StatisticsTest" time="0.0"/>
  <testcase name="existingPlayerCanBeFound" classname="ohtuesimerkki.StatisticsTest" time="0.0"/>
  <system-out><![CDATA[]]></system-out>
  <system-err><![CDATA[]]></system-err>
</testsuite>
